<?xml version="1.0" encoding="UTF-8"?>
<!-- Generated by org.testng.reporters.JUnitXMLReporter -->
<testsuite ignored="6" hostname="LTIN279123" failures="0" tests="11" name="Test" time="100.058" errors="0" timestamp="2024-02-27T11:43:36 IST">
  <testcase classname="smokeTest.SmokeTest" name="upComingBikes" time="7.486"/>
  <testcase classname="smokeTest.SmokeTest" name="usedCars" time="10.013"/>
  <testcase classname="smokeTest.SmokeTest" name="testGoogleSignIn" time="3.077"/>
  <testcase classname="regressionTestCases.Bikes" name="goToUpcomingBikes" time="1.459"/>
  <testcase classname="regressionTestCases.Bikes" name="displayBikes" time="4.121"/>
  <testcase classname="regressionTestCases.Bikes" name="getBikes" time="18.443"/>
  <testcase classname="regressionTestCases.Cars" name="goToUsedCarsMenu" time="7.577"/>
  <testcase classname="regressionTestCases.Cars" name="getModelList" time="9.094"/>
  <testcase classname="regressionTestCases.GoogleLogin" name="clickLogin" time="2.28"/>
  <testcase classname="regressionTestCases.GoogleLogin" name="sendEmail" time="4.179"/>
  <testcase classname="regressionTestCases.GoogleLogin" name="getMessage" time="0.231"/>
  <testcase classname="factory.BaseClassFct" name="@BeforeTest initilizeBrowser" time="0.0">
    <ignored/>
  </testcase> <!-- @BeforeTest initilizeBrowser -->
  <testcase classname="factory.BaseClassFct" name="@AfterTest close_browser" time="0.0">
    <ignored/>
  </testcase> <!-- @AfterTest close_browser -->
  <testcase classname="factory.BaseClassFct" name="@BeforeTest initilizeBrowser" time="0.0">
    <ignored/>
  </testcase> <!-- @BeforeTest initilizeBrowser -->
  <testcase classname="factory.BaseClassFct" name="@AfterTest close_browser" time="0.0">
    <ignored/>
  </testcase> <!-- @AfterTest close_browser -->
  <testcase classname="factory.BaseClassFct" name="@AfterTest close_browser" time="0.0">
    <ignored/>
  </testcase> <!-- @AfterTest close_browser -->
  <testcase classname="factory.BaseClassFct" name="@BeforeTest initilizeBrowser" time="0.0">
    <ignored/>
  </testcase> <!-- @BeforeTest initilizeBrowser -->
</testsuite> <!-- Test -->
