<?xml version="1.0" encoding="UTF-8"?>
<!-- Generated by org.testng.reporters.JUnitXMLReporter -->
<testsuite ignored="0" hostname="LTIN279588" failures="0" tests="3" name="Default test" time="21.684" errors="0" timestamp="2024-02-28T22:16:47 IST">
  <testcase classname="smokeTest.SmokeTest" name="upComingBikes" time="2.763"/>
  <testcase classname="smokeTest.SmokeTest" name="usedCars" time="4.042"/>
  <testcase classname="smokeTest.SmokeTest" name="testGoogleSignIn" time="1.262"/>
</testsuite> <!-- Default test -->
