<?xml version="1.0" encoding="UTF-8"?>
<testng-results ignored="0" total="3" passed="3" failed="0" skipped="0">
  <reporter-output>
  </reporter-output>
  <suite started-at="2024-02-28T22:16:25 IST" name="Default suite" finished-at="2024-02-28T22:16:47 IST" duration-ms="21684">
    <groups>
    </groups>
    <test started-at="2024-02-28T22:16:25 IST" name="Default test" finished-at="2024-02-28T22:16:47 IST" duration-ms="21684">
      <class name="smokeTest.SmokeTest">
        <test-method is-config="true" signature="initilizeBrowser()[pri:0, instance:smokeTest.SmokeTest@7ce69770]" started-at="2024-02-28T22:16:26 IST" name="initilizeBrowser" finished-at="2024-02-28T22:16:34 IST" duration-ms="8603" status="PASS">
          <reporter-output>
          </reporter-output>
        </test-method> <!-- initilizeBrowser -->
        <test-method signature="upComingBikes()[pri:1, instance:smokeTest.SmokeTest@7ce69770]" started-at="2024-02-28T22:16:34 IST" name="upComingBikes" finished-at="2024-02-28T22:16:37 IST" duration-ms="2763" status="PASS">
          <reporter-output>
          </reporter-output>
        </test-method> <!-- upComingBikes -->
        <test-method signature="usedCars()[pri:2, instance:smokeTest.SmokeTest@7ce69770]" started-at="2024-02-28T22:16:38 IST" name="usedCars" finished-at="2024-02-28T22:16:42 IST" duration-ms="4042" status="PASS">
          <reporter-output>
          </reporter-output>
        </test-method> <!-- usedCars -->
        <test-method signature="testGoogleSignIn()[pri:3, instance:smokeTest.SmokeTest@7ce69770]" started-at="2024-02-28T22:16:43 IST" name="testGoogleSignIn" finished-at="2024-02-28T22:16:45 IST" duration-ms="1262" status="PASS">
          <reporter-output>
          </reporter-output>
        </test-method> <!-- testGoogleSignIn -->
        <test-method is-config="true" signature="close_browser()[pri:0, instance:smokeTest.SmokeTest@7ce69770]" started-at="2024-02-28T22:16:46 IST" name="close_browser" finished-at="2024-02-28T22:16:47 IST" duration-ms="1214" status="PASS">
          <reporter-output>
          </reporter-output>
        </test-method> <!-- close_browser -->
      </class> <!-- smokeTest.SmokeTest -->
    </test> <!-- Default test -->
  </suite> <!-- Default suite -->
</testng-results>
